Using pre-set license
Built from '2021.2/staging' branch; Version is '2021.2.16f1 (559fc0ec6670) revision 5611456'; Using compiler version '192829333'; Build Type 'Release'
OS: 'Windows 10  (10.0.19043) 64bit Core' Language: 'en' Physical Memory: 16339 MB
BatchMode: 1, IsHumanControllingUs: 0, StartBugReporterOnCrash: 0, Is64bit: 1, IsPro: 1

COMMAND LINE ARGUMENTS:
D:\Unity\2021.2.16f1\Editor\Unity.exe
-adb2
-batchMode
-noUpm
-name
AssetImportWorker1
-projectPath
D:/Unity/VJ_Lab
-logFile
Logs/AssetImportWorker1.log
-srvPort
57517
Successfully changed project path to: D:/Unity/VJ_Lab
D:/Unity/VJ_Lab
[UnityMemory] Configuration Parameters - Can be set up in boot.config
    "memorysetup-bucket-allocator-granularity=16"
    "memorysetup-bucket-allocator-bucket-count=8"
    "memorysetup-bucket-allocator-block-size=33554432"
    "memorysetup-bucket-allocator-block-count=8"
    "memorysetup-main-allocator-block-size=16777216"
    "memorysetup-thread-allocator-block-size=16777216"
    "memorysetup-gfx-main-allocator-block-size=16777216"
    "memorysetup-gfx-thread-allocator-block-size=16777216"
    "memorysetup-cache-allocator-block-size=4194304"
    "memorysetup-typetree-allocator-block-size=2097152"
    "memorysetup-profiler-bucket-allocator-granularity=16"
    "memorysetup-profiler-bucket-allocator-bucket-count=8"
    "memorysetup-profiler-bucket-allocator-block-size=33554432"
    "memorysetup-profiler-bucket-allocator-block-count=8"
    "memorysetup-profiler-allocator-block-size=16777216"
    "memorysetup-profiler-editor-allocator-block-size=1048576"
    "memorysetup-temp-allocator-size-main=16777216"
    "memorysetup-job-temp-allocator-block-size=2097152"
    "memorysetup-job-temp-allocator-block-size-background=1048576"
    "memorysetup-job-temp-allocator-reduction-small-platforms=262144"
    "memorysetup-temp-allocator-size-background-worker=32768"
    "memorysetup-temp-allocator-size-job-worker=262144"
    "memorysetup-temp-allocator-size-preload-manager=33554432"
    "memorysetup-temp-allocator-size-nav-mesh-worker=65536"
    "memorysetup-temp-allocator-size-audio-worker=65536"
    "memorysetup-temp-allocator-size-cloud-worker=32768"
    "memorysetup-temp-allocator-size-gi-baking-worker=262144"
    "memorysetup-temp-allocator-size-gfx=262144"
Refreshing native plugins compatible for Editor in 143.89 ms, found 9 plugins.
Preloading 0 native plugins for Editor in 0.00 ms.
Initialize engine version: 2021.2.16f1 (559fc0ec6670)
[Subsystems] Discovering subsystems at path D:/Unity/2021.2.16f1/Editor/Data/Resources/UnitySubsystems
[Subsystems] Discovering subsystems at path D:/Unity/VJ_Lab/Assets
GfxDevice: creating device client; threaded=0; jobified=0
Direct3D:
    Version:  Direct3D 11.0 [level 11.1]
    Renderer: NVIDIA GeForce GTX 1060 (ID=0x1c20)
    Vendor:   NVIDIA
    VRAM:     6052 MB
    Driver:   27.21.14.5167
Initialize mono
Mono path[0] = 'D:/Unity/2021.2.16f1/Editor/Data/Managed'
Mono path[1] = 'D:/Unity/2021.2.16f1/Editor/Data/MonoBleedingEdge/lib/mono/unityjit-win32'
Mono config path = 'D:/Unity/2021.2.16f1/Editor/Data/MonoBleedingEdge/etc'
Using monoOptions --debugger-agent=transport=dt_socket,embedding=1,server=y,suspend=n,address=127.0.0.1:56256
Begin MonoManager ReloadAssembly
Registering precompiled unity dll's ...
Register platform support module: D:/Unity/2021.2.16f1/Editor/Data/PlaybackEngines/AndroidPlayer/UnityEditor.Android.Extensions.dll
Register platform support module: D:/Unity/2021.2.16f1/Editor/Data/PlaybackEngines/iOSSupport/UnityEditor.iOS.Extensions.dll
Register platform support module: D:/Unity/2021.2.16f1/Editor/Data/PlaybackEngines/WindowsStandaloneSupport/UnityEditor.WindowsStandalone.Extensions.dll
Registered in 0.003816 seconds.
Native extension for WindowsStandalone target not found
[usbmuxd] Start listen thread
[usbmuxd] Listen thread started
Native extension for iOS target not found
Native extension for Android target not found
Refreshing native plugins compatible for Editor in 131.62 ms, found 9 plugins.
Preloading 0 native plugins for Editor in 0.00 ms.
Mono: successfully reloaded assembly
- Completed reload, in  0.804 seconds
Domain Reload Profiling:
	ReloadAssembly (804ms)
		BeginReloadAssembly (84ms)
			ExecutionOrderSort (0ms)
			DisableScriptedObjects (0ms)
			BackupInstance (0ms)
			ReleaseScriptingObjects (0ms)
			CreateAndSetChildDomain (1ms)
		EndReloadAssembly (592ms)
			LoadAssemblies (85ms)
			RebuildTransferFunctionScriptingTraits (0ms)
			SetupTypeCache (135ms)
			ReleaseScriptCaches (0ms)
			RebuildScriptCaches (32ms)
			SetupLoadedEditorAssemblies (368ms)
				LogAssemblyErrors (0ms)
				InitializePlatformSupportModulesInManaged (70ms)
				SetLoadedEditorAssemblies (0ms)
				RefreshPlugins (132ms)
				BeforeProcessingInitializeOnLoad (1ms)
				ProcessInitializeOnLoadAttributes (113ms)
				ProcessInitializeOnLoadMethodAttributes (51ms)
				AfterProcessingInitializeOnLoad (0ms)
				EditorAssembliesLoaded (0ms)
			ExecutionOrderSort2 (0ms)
			AwakeInstancesAfterBackupRestoration (0ms)
Platform modules already initialized, skipping
Registering precompiled user dll's ...
Registered in 0.009470 seconds.
Begin MonoManager ReloadAssembly
Symbol file LoadedFromMemory doesn't match image D:\Unity\VJ_Lab\Library\PackageCache\com.unity.visualscripting@1.7.6\Editor\VisualScripting.Core\Dependencies\DotNetZip\Unity.VisualScripting.IonicZip.dll
Symbol file LoadedFromMemory doesn't match image D:\Unity\VJ_Lab\Library\PackageCache\com.unity.visualscripting@1.7.6\Editor\VisualScripting.Core\Dependencies\YamlDotNet\Unity.VisualScripting.YamlDotNet.dll
Native extension for WindowsStandalone target not found
Native extension for iOS target not found
Native extension for Android target not found
Refreshing native plugins compatible for Editor in 130.85 ms, found 9 plugins.
Preloading 0 native plugins for Editor in 0.00 ms.
Package Manager log level set to [2]
Mono: successfully reloaded assembly
- Completed reload, in  1.681 seconds
Domain Reload Profiling:
	ReloadAssembly (1682ms)
		BeginReloadAssembly (249ms)
			ExecutionOrderSort (0ms)
			DisableScriptedObjects (7ms)
			BackupInstance (0ms)
			ReleaseScriptingObjects (0ms)
			CreateAndSetChildDomain (132ms)
		EndReloadAssembly (1299ms)
			LoadAssemblies (113ms)
			RebuildTransferFunctionScriptingTraits (0ms)
			SetupTypeCache (360ms)
			ReleaseScriptCaches (1ms)
			RebuildScriptCaches (69ms)
			SetupLoadedEditorAssemblies (703ms)
				LogAssemblyErrors (0ms)
				InitializePlatformSupportModulesInManaged (23ms)
				SetLoadedEditorAssemblies (0ms)
				RefreshPlugins (131ms)
				BeforeProcessingInitializeOnLoad (147ms)
				ProcessInitializeOnLoadAttributes (358ms)
				ProcessInitializeOnLoadMethodAttributes (40ms)
				AfterProcessingInitializeOnLoad (4ms)
				EditorAssembliesLoaded (0ms)
			ExecutionOrderSort2 (0ms)
			AwakeInstancesAfterBackupRestoration (9ms)
Platform modules already initialized, skipping
========================================================================
Worker process is ready to serve import requests
Launched and connected shader compiler UnityShaderCompiler.exe after 0.06 seconds
Refreshing native plugins compatible for Editor in 0.96 ms, found 9 plugins.
Preloading 0 native plugins for Editor in 0.00 ms.
Unloading 4685 Unused Serialized files (Serialized files now loaded: 0)
Unloading 50 unused Assets / (244.7 KB). Loaded Objects now: 5129.
Memory consumption went from 175.7 MB to 175.4 MB.
Total: 4.494300 ms (FindLiveObjects: 0.657700 ms CreateObjectMapping: 0.369400 ms MarkObjects: 3.285100 ms  DeleteObjects: 0.180900 ms)

AssetImportParameters requested are different than current active one (requested -> active):
  custom:video-decoder-ogg-theora: a1e56fd34408186e4bbccfd4996cb3dc -> 
  custom:container-muxer-webm: aa71ff27fc2769a1b78a27578f13a17b -> 
  custom:container-demuxer-webm: 4f35f7cbe854078d1ac9338744f61a02 -> 
  custom:video-encoder-webm-vp8: eb34c28f22e8b96e1ab97ce403110664 -> 
  custom:video-codec-MediaFoundation-h265: 746d11721c4dcdbdad8f713fa42b33f4 -> 
  custom:audio-encoder-webm-vorbis: bf7c407c2cedff20999df2af8eb42d56 -> 
  custom:framework-win-MediaFoundation: 216162199b28c13a410421893ffa2e32 -> 
  custom:container-demuxer-ogg: 62fdf1f143b41e24485cea50d1cbac27 -> 
  custom:video-decoder-webm-vp8: 9c59270c3fd7afecdb556c50c9e8de78 -> 
  custom:audio-decoder-ogg-vorbis: bf7c407c2cedff20999df2af8eb42d56 -> 
========================================================================
Received Import Request.
  Time since last request: 8346.305127 seconds.
  path: Assets/Tiny Giant Studio/Modular 3D Text/Media/Prefabs/Black Particle.prefab
  artifactKey: Guid(2ef5c8e3dc7269748ba9c36f7c0d406c) Importer(815301076,1909f56bfc062723c751e8b465ee728b)
Start importing Assets/Tiny Giant Studio/Modular 3D Text/Media/Prefabs/Black Particle.prefab using Guid(2ef5c8e3dc7269748ba9c36f7c0d406c) Importer(815301076,1909f56bfc062723c751e8b465ee728b)  -> (artifact id: '01b973d4f664905aec53d77f95d8367a') in 1.249565 seconds 
========================================================================
Received Import Request.
  Time since last request: 0.000029 seconds.
  path: Assets/Yughues Fabric Materials/Rough string 02/Rough string pattern 02.mat
  artifactKey: Guid(891aeb9941c201a4a82f62d7b1b4e89e) Importer(815301076,1909f56bfc062723c751e8b465ee728b)
Start importing Assets/Yughues Fabric Materials/Rough string 02/Rough string pattern 02.mat using Guid(891aeb9941c201a4a82f62d7b1b4e89e) Importer(815301076,1909f56bfc062723c751e8b465ee728b)  -> (artifact id: '3ab4096d003c3958e00cb221589c65a3') in 0.563423 seconds 
========================================================================
Received Import Request.
  Time since last request: 0.000027 seconds.
  path: Assets/Yughues Fabric Materials/Carpet 03/Carpet pattern 03.mat
  artifactKey: Guid(7bf0e367ce03a4144bc2c480d9ae5913) Importer(815301076,1909f56bfc062723c751e8b465ee728b)
Start importing Assets/Yughues Fabric Materials/Carpet 03/Carpet pattern 03.mat using Guid(7bf0e367ce03a4144bc2c480d9ae5913) Importer(815301076,1909f56bfc062723c751e8b465ee728b)  -> (artifact id: 'b25fac9ff921b9abfd87be0fa0fbd083') in 0.137912 seconds 
========================================================================
Received Import Request.
  Time since last request: 0.000032 seconds.
  path: Assets/Obj/Cloud_01.obj
  artifactKey: Guid(e23a04f13054ccd44afcc3f4baefdbfb) Importer(815301076,1909f56bfc062723c751e8b465ee728b)
Start importing Assets/Obj/Cloud_01.obj using Guid(e23a04f13054ccd44afcc3f4baefdbfb) Importer(815301076,1909f56bfc062723c751e8b465ee728b)  -> (artifact id: '9a39357bef85802dc197b51aa7f2e44e') in 0.320023 seconds 
========================================================================
Received Import Request.
  Time since last request: 0.000075 seconds.
  path: Assets/Tiny Giant Studio/Modular 3D Text/Modules/Play Particle.asset
  artifactKey: Guid(dd1f532c702eff24ea34300e4c76b847) Importer(815301076,1909f56bfc062723c751e8b465ee728b)
Start importing Assets/Tiny Giant Studio/Modular 3D Text/Modules/Play Particle.asset using Guid(dd1f532c702eff24ea34300e4c76b847) Importer(815301076,1909f56bfc062723c751e8b465ee728b)  -> (artifact id: 'a4a1fbc5fec4c4d89484ed1a06e06304') in 0.032621 seconds 
========================================================================
Received Import Request.
  Time since last request: 0.000068 seconds.
  path: Assets/Standard Assets/Effects/AmbientOcclusion/Resources/SeparableBlur.cginc
  artifactKey: Guid(483977aca491d9148948f49af8947971) Importer(815301076,1909f56bfc062723c751e8b465ee728b)
Start importing Assets/Standard Assets/Effects/AmbientOcclusion/Resources/SeparableBlur.cginc using Guid(483977aca491d9148948f49af8947971) Importer(815301076,1909f56bfc062723c751e8b465ee728b)  -> (artifact id: 'dba397ffc1a00fd05c028452f098a2c8') in 0.050746 seconds 
========================================================================
Received Import Request.
  Time since last request: 0.000109 seconds.
  path: Assets/Yughues Fabric Materials/Carpet 04/Carpet pattern 04.mat
  artifactKey: Guid(e6be233cbebf7a34bac93c0c86a6dc21) Importer(815301076,1909f56bfc062723c751e8b465ee728b)
Start importing Assets/Yughues Fabric Materials/Carpet 04/Carpet pattern 04.mat using Guid(e6be233cbebf7a34bac93c0c86a6dc21) Importer(815301076,1909f56bfc062723c751e8b465ee728b)  -> (artifact id: '6add22fcd2160fa3366941b24a1a825e') in 0.240093 seconds 
========================================================================
Received Import Request.
  Time since last request: 0.000059 seconds.
  path: Assets/Yughues Fabric Materials/Carpet 07/Carpet pattern 07.mat
  artifactKey: Guid(a21b4e9e8b4786c41bf682397020cf40) Importer(815301076,1909f56bfc062723c751e8b465ee728b)
Start importing Assets/Yughues Fabric Materials/Carpet 07/Carpet pattern 07.mat using Guid(a21b4e9e8b4786c41bf682397020cf40) Importer(815301076,1909f56bfc062723c751e8b465ee728b)  -> (artifact id: '69fcc38bc5a74e5f10c389c877d5aee5') in 0.175742 seconds 
========================================================================
Received Import Request.
  Time since last request: 0.000082 seconds.
  path: Assets/_Bad_Raccoon/_3D Music Visualizer Vu Meter/_Prefabs/Particle_Vumeter_Channel_01.prefab
  artifactKey: Guid(5e52cd63b6dcf47c78ac7cd26d2783c1) Importer(815301076,1909f56bfc062723c751e8b465ee728b)
Start importing Assets/_Bad_Raccoon/_3D Music Visualizer Vu Meter/_Prefabs/Particle_Vumeter_Channel_01.prefab using Guid(5e52cd63b6dcf47c78ac7cd26d2783c1) Importer(815301076,1909f56bfc062723c751e8b465ee728b)  -> (artifact id: '51640b7e29d6fea9b3cd9306442a060e') in 0.048495 seconds 
========================================================================
Received Import Request.
  Time since last request: 0.000095 seconds.
  path: Assets/Yughues Fabric Materials/Carpet 01/Carpet pattern 01.mat
  artifactKey: Guid(f7a11e6b11ba6e145a339d94d00896c3) Importer(815301076,1909f56bfc062723c751e8b465ee728b)
Start importing Assets/Yughues Fabric Materials/Carpet 01/Carpet pattern 01.mat using Guid(f7a11e6b11ba6e145a339d94d00896c3) Importer(815301076,1909f56bfc062723c751e8b465ee728b)  -> (artifact id: '734b431b9fb84f62bd275823fdab7aec') in 0.165695 seconds 
========================================================================
Received Import Request.
  Time since last request: 0.000034 seconds.
  path: Assets/Standard Assets/Effects/ScreenSpaceReflection/Resources/ScreenSpaceRaytrace.cginc
  artifactKey: Guid(6f70a4658ebf5f947abc302c6b49a6ba) Importer(815301076,1909f56bfc062723c751e8b465ee728b)
Start importing Assets/Standard Assets/Effects/ScreenSpaceReflection/Resources/ScreenSpaceRaytrace.cginc using Guid(6f70a4658ebf5f947abc302c6b49a6ba) Importer(815301076,1909f56bfc062723c751e8b465ee728b)  -> (artifact id: 'd5f9ed551f0b662f3b8b5f02e8928770') in 0.027450 seconds 
========================================================================
Received Import Request.
  Time since last request: 0.000046 seconds.
  path: Assets/ExampleAssets/Textures/PlanePatternDot.png
  artifactKey: Guid(af6bcea09b8134831b6599e2900aef81) Importer(815301076,1909f56bfc062723c751e8b465ee728b)
Start importing Assets/ExampleAssets/Textures/PlanePatternDot.png using Guid(af6bcea09b8134831b6599e2900aef81) Importer(815301076,1909f56bfc062723c751e8b465ee728b)  -> (artifact id: 'cec348b46bcf7eb97b04460d5e2ef6fc') in 0.075550 seconds 
========================================================================
Received Import Request.
  Time since last request: 0.000047 seconds.
  path: Assets/Tiny Giant Studio/Modular 3D Text/Media/Materials/Particle.mat
  artifactKey: Guid(6f9c0a6b057988d45888044c7761b609) Importer(815301076,1909f56bfc062723c751e8b465ee728b)
Start importing Assets/Tiny Giant Studio/Modular 3D Text/Media/Materials/Particle.mat using Guid(6f9c0a6b057988d45888044c7761b609) Importer(815301076,1909f56bfc062723c751e8b465ee728b)  -> (artifact id: '7bdc9464fcde0e9cff1201fb6a0eab8f') in 2.304342 seconds 
========================================================================
Received Import Request.
  Time since last request: 0.000071 seconds.
  path: Assets/Yughues Fabric Materials/Carpet 05/Carpet pattern 05.mat
  artifactKey: Guid(2ca1fe89708f0cb4dbf18958eca8c1c1) Importer(815301076,1909f56bfc062723c751e8b465ee728b)
Start importing Assets/Yughues Fabric Materials/Carpet 05/Carpet pattern 05.mat using Guid(2ca1fe89708f0cb4dbf18958eca8c1c1) Importer(815301076,1909f56bfc062723c751e8b465ee728b)  -> (artifact id: '0a258d95fe4708f7ed25e8f3e02f1d6b') in 0.228467 seconds 
========================================================================
Received Import Request.
  Time since last request: 0.000029 seconds.
  path: Assets/Tiny Giant Studio/Modular 3D Text/Fonts/LeagueSpartan-Bold.asset
  artifactKey: Guid(140bb62908f8fed468aeedf2ea0932a5) Importer(815301076,1909f56bfc062723c751e8b465ee728b)
Start importing Assets/Tiny Giant Studio/Modular 3D Text/Fonts/LeagueSpartan-Bold.asset using Guid(140bb62908f8fed468aeedf2ea0932a5) Importer(815301076,1909f56bfc062723c751e8b465ee728b)  -> (artifact id: 'f4a74157cbc99ea7d06159edfb6992eb') in 0.050966 seconds 
========================================================================
Received Import Request.
  Time since last request: 0.000026 seconds.
  path: Assets/Tiny Giant Studio/Modular 3D Text/Media/Materials/White Transparent.mat
  artifactKey: Guid(4e825b6161062c748a795a28cd0fb457) Importer(815301076,1909f56bfc062723c751e8b465ee728b)
Start importing Assets/Tiny Giant Studio/Modular 3D Text/Media/Materials/White Transparent.mat using Guid(4e825b6161062c748a795a28cd0fb457) Importer(815301076,1909f56bfc062723c751e8b465ee728b)  -> (artifact id: '30d752fbf97e603129dfd428b7a7d9d8') in 0.072088 seconds 
========================================================================
Received Import Request.
  Time since last request: 0.000046 seconds.
  path: Assets/Crime Trips/AR-assets-Paolo violi_s murder
  artifactKey: Guid(41d199e45af11ed47a4675a8c260c277) Importer(815301076,1909f56bfc062723c751e8b465ee728b)
Start importing Assets/Crime Trips/AR-assets-Paolo violi_s murder using Guid(41d199e45af11ed47a4675a8c260c277) Importer(815301076,1909f56bfc062723c751e8b465ee728b)  -> (artifact id: 'a272e2c2146af95a3783653ce6e46582') in 0.025834 seconds 
========================================================================
Received Import Request.
  Time since last request: 0.000045 seconds.
  path: Assets/XR/Settings/Open XR Package Settings.asset
  artifactKey: Guid(6bb381a8ba31f114d9724357633b4625) Importer(815301076,1909f56bfc062723c751e8b465ee728b)
Start importing Assets/XR/Settings/Open XR Package Settings.asset using Guid(6bb381a8ba31f114d9724357633b4625) Importer(815301076,1909f56bfc062723c751e8b465ee728b)  -> (artifact id: '208396d2c8e18e6eafecfbad6c448097') in 0.114585 seconds 
========================================================================
Received Import Request.
  Time since last request: 0.000043 seconds.
  path: Assets/Realistic Glitches Lite/Demo/Textures/paving_slabs_hk_overbright.png
  artifactKey: Guid(cb95b5003743f445db88e84909b92d9f) Importer(815301076,1909f56bfc062723c751e8b465ee728b)
Start importing Assets/Realistic Glitches Lite/Demo/Textures/paving_slabs_hk_overbright.png using Guid(cb95b5003743f445db88e84909b92d9f) Importer(815301076,1909f56bfc062723c751e8b465ee728b)  -> (artifact id: 'b48b18a0168ba4af4c98cb37d8d764c0') in 0.089597 seconds 
