Using pre-set license
Built from '2021.2/staging' branch; Version is '2021.2.16f1 (559fc0ec6670) revision 5611456'; Using compiler version '192829333'; Build Type 'Release'
OS: 'Windows 10  (10.0.19043) 64bit Core' Language: 'en' Physical Memory: 16339 MB
BatchMode: 1, IsHumanControllingUs: 0, StartBugReporterOnCrash: 0, Is64bit: 1, IsPro: 1

COMMAND LINE ARGUMENTS:
D:\Unity\2021.2.16f1\Editor\Unity.exe
-adb2
-batchMode
-noUpm
-name
AssetImportWorker0
-projectPath
D:/Unity/VJ_Lab
-logFile
Logs/AssetImportWorker0.log
-srvPort
57517
Successfully changed project path to: D:/Unity/VJ_Lab
D:/Unity/VJ_Lab
[UnityMemory] Configuration Parameters - Can be set up in boot.config
    "memorysetup-bucket-allocator-granularity=16"
    "memorysetup-bucket-allocator-bucket-count=8"
    "memorysetup-bucket-allocator-block-size=33554432"
    "memorysetup-bucket-allocator-block-count=8"
    "memorysetup-main-allocator-block-size=16777216"
    "memorysetup-thread-allocator-block-size=16777216"
    "memorysetup-gfx-main-allocator-block-size=16777216"
    "memorysetup-gfx-thread-allocator-block-size=16777216"
    "memorysetup-cache-allocator-block-size=4194304"
    "memorysetup-typetree-allocator-block-size=2097152"
    "memorysetup-profiler-bucket-allocator-granularity=16"
    "memorysetup-profiler-bucket-allocator-bucket-count=8"
    "memorysetup-profiler-bucket-allocator-block-size=33554432"
    "memorysetup-profiler-bucket-allocator-block-count=8"
    "memorysetup-profiler-allocator-block-size=16777216"
    "memorysetup-profiler-editor-allocator-block-size=1048576"
    "memorysetup-temp-allocator-size-main=16777216"
    "memorysetup-job-temp-allocator-block-size=2097152"
    "memorysetup-job-temp-allocator-block-size-background=1048576"
    "memorysetup-job-temp-allocator-reduction-small-platforms=262144"
    "memorysetup-temp-allocator-size-background-worker=32768"
    "memorysetup-temp-allocator-size-job-worker=262144"
    "memorysetup-temp-allocator-size-preload-manager=33554432"
    "memorysetup-temp-allocator-size-nav-mesh-worker=65536"
    "memorysetup-temp-allocator-size-audio-worker=65536"
    "memorysetup-temp-allocator-size-cloud-worker=32768"
    "memorysetup-temp-allocator-size-gi-baking-worker=262144"
    "memorysetup-temp-allocator-size-gfx=262144"
Refreshing native plugins compatible for Editor in 199.81 ms, found 9 plugins.
Preloading 0 native plugins for Editor in 0.00 ms.
Initialize engine version: 2021.2.16f1 (559fc0ec6670)
[Subsystems] Discovering subsystems at path D:/Unity/2021.2.16f1/Editor/Data/Resources/UnitySubsystems
[Subsystems] Discovering subsystems at path D:/Unity/VJ_Lab/Assets
GfxDevice: creating device client; threaded=0; jobified=0
Direct3D:
    Version:  Direct3D 11.0 [level 11.1]
    Renderer: NVIDIA GeForce GTX 1060 (ID=0x1c20)
    Vendor:   NVIDIA
    VRAM:     6052 MB
    Driver:   27.21.14.5167
Initialize mono
Mono path[0] = 'D:/Unity/2021.2.16f1/Editor/Data/Managed'
Mono path[1] = 'D:/Unity/2021.2.16f1/Editor/Data/MonoBleedingEdge/lib/mono/unityjit-win32'
Mono config path = 'D:/Unity/2021.2.16f1/Editor/Data/MonoBleedingEdge/etc'
Using monoOptions --debugger-agent=transport=dt_socket,embedding=1,server=y,suspend=n,address=127.0.0.1:56880
Begin MonoManager ReloadAssembly
Registering precompiled unity dll's ...
Register platform support module: D:/Unity/2021.2.16f1/Editor/Data/PlaybackEngines/AndroidPlayer/UnityEditor.Android.Extensions.dll
Register platform support module: D:/Unity/2021.2.16f1/Editor/Data/PlaybackEngines/iOSSupport/UnityEditor.iOS.Extensions.dll
Register platform support module: D:/Unity/2021.2.16f1/Editor/Data/PlaybackEngines/WindowsStandaloneSupport/UnityEditor.WindowsStandalone.Extensions.dll
Registered in 0.005512 seconds.
Native extension for WindowsStandalone target not found
[usbmuxd] Start listen thread
[usbmuxd] Listen thread started
Native extension for iOS target not found
Native extension for Android target not found
Refreshing native plugins compatible for Editor in 139.11 ms, found 9 plugins.
Preloading 0 native plugins for Editor in 0.00 ms.
Mono: successfully reloaded assembly
- Completed reload, in  0.842 seconds
Domain Reload Profiling:
	ReloadAssembly (842ms)
		BeginReloadAssembly (103ms)
			ExecutionOrderSort (0ms)
			DisableScriptedObjects (0ms)
			BackupInstance (0ms)
			ReleaseScriptingObjects (0ms)
			CreateAndSetChildDomain (1ms)
		EndReloadAssembly (601ms)
			LoadAssemblies (102ms)
			RebuildTransferFunctionScriptingTraits (0ms)
			SetupTypeCache (137ms)
			ReleaseScriptCaches (0ms)
			RebuildScriptCaches (31ms)
			SetupLoadedEditorAssemblies (375ms)
				LogAssemblyErrors (0ms)
				InitializePlatformSupportModulesInManaged (74ms)
				SetLoadedEditorAssemblies (0ms)
				RefreshPlugins (139ms)
				BeforeProcessingInitializeOnLoad (1ms)
				ProcessInitializeOnLoadAttributes (110ms)
				ProcessInitializeOnLoadMethodAttributes (50ms)
				AfterProcessingInitializeOnLoad (0ms)
				EditorAssembliesLoaded (0ms)
			ExecutionOrderSort2 (0ms)
			AwakeInstancesAfterBackupRestoration (0ms)
Platform modules already initialized, skipping
Registering precompiled user dll's ...
Registered in 0.010079 seconds.
Begin MonoManager ReloadAssembly
Symbol file LoadedFromMemory doesn't match image D:\Unity\VJ_Lab\Library\PackageCache\com.unity.visualscripting@1.7.6\Editor\VisualScripting.Core\Dependencies\DotNetZip\Unity.VisualScripting.IonicZip.dll
Symbol file LoadedFromMemory doesn't match image D:\Unity\VJ_Lab\Library\PackageCache\com.unity.visualscripting@1.7.6\Editor\VisualScripting.Core\Dependencies\YamlDotNet\Unity.VisualScripting.YamlDotNet.dll
Native extension for WindowsStandalone target not found
Native extension for iOS target not found
Native extension for Android target not found
Refreshing native plugins compatible for Editor in 129.20 ms, found 9 plugins.
Preloading 0 native plugins for Editor in 0.00 ms.
Package Manager log level set to [2]
Mono: successfully reloaded assembly
- Completed reload, in  1.708 seconds
Domain Reload Profiling:
	ReloadAssembly (1709ms)
		BeginReloadAssembly (277ms)
			ExecutionOrderSort (0ms)
			DisableScriptedObjects (7ms)
			BackupInstance (0ms)
			ReleaseScriptingObjects (0ms)
			CreateAndSetChildDomain (139ms)
		EndReloadAssembly (1294ms)
			LoadAssemblies (133ms)
			RebuildTransferFunctionScriptingTraits (0ms)
			SetupTypeCache (389ms)
			ReleaseScriptCaches (1ms)
			RebuildScriptCaches (68ms)
			SetupLoadedEditorAssemblies (679ms)
				LogAssemblyErrors (0ms)
				InitializePlatformSupportModulesInManaged (22ms)
				SetLoadedEditorAssemblies (0ms)
				RefreshPlugins (129ms)
				BeforeProcessingInitializeOnLoad (133ms)
				ProcessInitializeOnLoadAttributes (363ms)
				ProcessInitializeOnLoadMethodAttributes (28ms)
				AfterProcessingInitializeOnLoad (3ms)
				EditorAssembliesLoaded (0ms)
			ExecutionOrderSort2 (0ms)
			AwakeInstancesAfterBackupRestoration (8ms)
Platform modules already initialized, skipping
========================================================================
Worker process is ready to serve import requests
Launched and connected shader compiler UnityShaderCompiler.exe after 0.15 seconds
Refreshing native plugins compatible for Editor in 1.25 ms, found 9 plugins.
Preloading 0 native plugins for Editor in 0.00 ms.
Unloading 4685 Unused Serialized files (Serialized files now loaded: 0)
Unloading 50 unused Assets / (244.7 KB). Loaded Objects now: 5129.
Memory consumption went from 175.7 MB to 175.4 MB.
Total: 4.358100 ms (FindLiveObjects: 0.586100 ms CreateObjectMapping: 0.447400 ms MarkObjects: 3.131100 ms  DeleteObjects: 0.192100 ms)

AssetImportParameters requested are different than current active one (requested -> active):
  custom:video-decoder-ogg-theora: a1e56fd34408186e4bbccfd4996cb3dc -> 
  custom:container-muxer-webm: aa71ff27fc2769a1b78a27578f13a17b -> 
  custom:container-demuxer-webm: 4f35f7cbe854078d1ac9338744f61a02 -> 
  custom:video-encoder-webm-vp8: eb34c28f22e8b96e1ab97ce403110664 -> 
  custom:video-codec-MediaFoundation-h265: 746d11721c4dcdbdad8f713fa42b33f4 -> 
  custom:audio-encoder-webm-vorbis: bf7c407c2cedff20999df2af8eb42d56 -> 
  custom:framework-win-MediaFoundation: 216162199b28c13a410421893ffa2e32 -> 
  custom:container-demuxer-ogg: 62fdf1f143b41e24485cea50d1cbac27 -> 
  custom:video-decoder-webm-vp8: 9c59270c3fd7afecdb556c50c9e8de78 -> 
  custom:audio-decoder-ogg-vorbis: bf7c407c2cedff20999df2af8eb42d56 -> 
========================================================================
Received Import Request.
  Time since last request: 8346.303680 seconds.
  path: Assets/ExampleAssets/Tutorial/ARTutorialWelcomePage.asset
  artifactKey: Guid(d7ed8cdd171b54fe39c58afde8ff5d51) Importer(815301076,1909f56bfc062723c751e8b465ee728b)
Start importing Assets/ExampleAssets/Tutorial/ARTutorialWelcomePage.asset using Guid(d7ed8cdd171b54fe39c58afde8ff5d51) Importer(815301076,1909f56bfc062723c751e8b465ee728b)  -> (artifact id: '614bc2c0d06237ee7300612bffbdca6f') in 0.063223 seconds 
========================================================================
Received Import Request.
  Time since last request: 0.006199 seconds.
  path: Assets/Tiny Giant Studio/Modular 3D Text/Media/Prefabs/Bright Particle.prefab
  artifactKey: Guid(c6e9b5bfbe217f24fa714435614894f5) Importer(815301076,1909f56bfc062723c751e8b465ee728b)
Start importing Assets/Tiny Giant Studio/Modular 3D Text/Media/Prefabs/Bright Particle.prefab using Guid(c6e9b5bfbe217f24fa714435614894f5) Importer(815301076,1909f56bfc062723c751e8b465ee728b)  -> (artifact id: '2fcff852d33694d5fd7eccee947ab775') in 3.237766 seconds 
========================================================================
Received Import Request.
  Time since last request: 0.000064 seconds.
  path: Assets/OccaSoftware/osAscii 2022/Font Assets/Overpass Mono Light - 10 Chars _512px.png
  artifactKey: Guid(77dc2a37b1b2f6c48980fe4ceb40ce4e) Importer(815301076,1909f56bfc062723c751e8b465ee728b)
Start importing Assets/OccaSoftware/osAscii 2022/Font Assets/Overpass Mono Light - 10 Chars _512px.png using Guid(77dc2a37b1b2f6c48980fe4ceb40ce4e) Importer(815301076,1909f56bfc062723c751e8b465ee728b)  -> (artifact id: '1bc514a8cc3ecf9e72d6c32071356227') in 0.100880 seconds 
========================================================================
Received Import Request.
  Time since last request: 0.000051 seconds.
  path: Assets/Tiny Giant Studio/Modular 3D Text/Fonts/LeagueSpartan-Bold.fbx
  artifactKey: Guid(dbc124265b9395d42a9c28eb1d7227f2) Importer(815301076,1909f56bfc062723c751e8b465ee728b)
Start importing Assets/Tiny Giant Studio/Modular 3D Text/Fonts/LeagueSpartan-Bold.fbx using Guid(dbc124265b9395d42a9c28eb1d7227f2) Importer(815301076,1909f56bfc062723c751e8b465ee728b)  -> (artifact id: '2a22f96c581020f3d4502585436fe8a6') in 1.451058 seconds 
========================================================================
Received Import Request.
  Time since last request: 0.000088 seconds.
  path: Assets/Obj/Cloud_00.obj
  artifactKey: Guid(c1d609aa144c27844b43512cdf29c11c) Importer(815301076,1909f56bfc062723c751e8b465ee728b)
Start importing Assets/Obj/Cloud_00.obj using Guid(c1d609aa144c27844b43512cdf29c11c) Importer(815301076,1909f56bfc062723c751e8b465ee728b)  -> (artifact id: 'dd00f9731e7a20e87639a56f82df77f0') in 0.141350 seconds 
========================================================================
Received Import Request.
  Time since last request: 0.000035 seconds.
  path: Assets/Yughues Fabric Materials/Rough string 01/Rough string pattern 01.mat
  artifactKey: Guid(affe8420ea98e6140b81dcb49af842a6) Importer(815301076,1909f56bfc062723c751e8b465ee728b)
Start importing Assets/Yughues Fabric Materials/Rough string 01/Rough string pattern 01.mat using Guid(affe8420ea98e6140b81dcb49af842a6) Importer(815301076,1909f56bfc062723c751e8b465ee728b)  -> (artifact id: '171dc09c1c2933e0dfdc919b11522de5') in 0.538820 seconds 
========================================================================
Received Import Request.
  Time since last request: 0.000045 seconds.
  path: Assets/Tiny Giant Studio/Modular 3D Text/Modules/Play Particle 2.asset
  artifactKey: Guid(475e8d34aa5eab84684a6c4ef06d9b01) Importer(815301076,1909f56bfc062723c751e8b465ee728b)
Start importing Assets/Tiny Giant Studio/Modular 3D Text/Modules/Play Particle 2.asset using Guid(475e8d34aa5eab84684a6c4ef06d9b01) Importer(815301076,1909f56bfc062723c751e8b465ee728b)  -> (artifact id: 'ab7e7e833367f73dca65fe67a5db4b2f') in 0.031907 seconds 
========================================================================
Received Import Request.
  Time since last request: 0.000038 seconds.
  path: Assets/OccaSoftware/osAscii 2022/Font Assets/Space Mono - 10 Chars _512px.png
  artifactKey: Guid(b4c3b43740bc3e546bd3327e32ceeb61) Importer(815301076,1909f56bfc062723c751e8b465ee728b)
Start importing Assets/OccaSoftware/osAscii 2022/Font Assets/Space Mono - 10 Chars _512px.png using Guid(b4c3b43740bc3e546bd3327e32ceeb61) Importer(815301076,1909f56bfc062723c751e8b465ee728b)  -> (artifact id: '09fd2b300afa78e1b261df01d6e4b9f0') in 0.111627 seconds 
========================================================================
Received Import Request.
  Time since last request: 0.000023 seconds.
  path: Assets/Yughues Fabric Materials/Carpet 02/Carpet pattern 02.mat
  artifactKey: Guid(3c2d4c4bc4b11f949a0322655297235d) Importer(815301076,1909f56bfc062723c751e8b465ee728b)
Start importing Assets/Yughues Fabric Materials/Carpet 02/Carpet pattern 02.mat using Guid(3c2d4c4bc4b11f949a0322655297235d) Importer(815301076,1909f56bfc062723c751e8b465ee728b)  -> (artifact id: '5fa139a29f944548309dc7f5771acf2b') in 0.214512 seconds 
========================================================================
Received Import Request.
  Time since last request: 0.000036 seconds.
  path: Assets/Yughues Fabric Materials/Carpet 06/Carpet pattern 06.mat
  artifactKey: Guid(f6fe49df7f74b1b43acbc228092c305f) Importer(815301076,1909f56bfc062723c751e8b465ee728b)
Start importing Assets/Yughues Fabric Materials/Carpet 06/Carpet pattern 06.mat using Guid(f6fe49df7f74b1b43acbc228092c305f) Importer(815301076,1909f56bfc062723c751e8b465ee728b)  -> (artifact id: 'c0db39a01dcf2d88354a8001122ba363') in 0.248685 seconds 
